<?xml version="1.0" encoding="UTF-8"?>
<!-- Generated by org.testng.reporters.JUnitReportReporter -->
<testsuite hostname="DESK-1986" name="com.Sulekha.User.UserSide.Need_Page" tests="4" failures="0" timestamp="28 Jan 2020 09:35:15 GMT" time="28.554" errors="0">
  <testcase name="Save_To_Phone" time="16.546" classname="com.Sulekha.User.UserSide.Need_Page"/>
  <testcase name="filter_india_page" time="6.520" classname="com.Sulekha.User.UserSide.Need_Page"/>
  <testcase name="need_india_page" time="2.521" classname="com.Sulekha.User.UserSide.Need_Page"/>
  <testcase name="Get_Quote" time="2.967" classname="com.Sulekha.User.UserSide.Need_Page"/>
</testsuite> <!-- com.Sulekha.User.UserSide.Need_Page -->
