<?xml version="1.0" encoding="UTF-8"?>
<!-- Generated by org.testng.reporters.JUnitReportReporter -->
<testsuite hostname="DESK-1986" name="com.Sulekha.User.UserSide.ListingPage" tests="1" failures="0" timestamp="20 Jan 2020 09:30:07 GMT" time="2.910" errors="0">
  <testcase name="Get_Quote" time="2.910" classname="com.Sulekha.User.UserSide.ListingPage"/>
</testsuite> <!-- com.Sulekha.User.UserSide.ListingPage -->
