<?xml version="1.0" encoding="UTF-8"?>
<!-- Generated by org.testng.reporters.JUnitReportReporter -->
<testsuite hostname="DESK-1986" name="com.Sulekha.User.UserSide.Need_Page" tests="3" failures="0" timestamp="21 Jan 2020 05:10:35 GMT" time="46.800" errors="0">
  <testcase name="Get_Quote" time="21.632" classname="com.Sulekha.User.UserSide.Need_Page"/>
  <testcase name="Save_To_Phone" time="18.692" classname="com.Sulekha.User.UserSide.Need_Page"/>
  <testcase name="filter_india_page" time="6.476" classname="com.Sulekha.User.UserSide.Need_Page"/>
</testsuite> <!-- com.Sulekha.User.UserSide.Need_Page -->
