<?xml version="1.0" encoding="UTF-8"?>
<!-- Generated by org.testng.reporters.JUnitReportReporter -->
<testsuite hostname="DESK-1986" name="com.Sulekha.User.UserSide.Need_Page" tests="4" failures="0" timestamp="27 Jan 2020 10:11:28 GMT" time="31.760" errors="0">
  <testcase name="need_india_page" time="2.233" classname="com.Sulekha.User.UserSide.Need_Page"/>
  <testcase name="Get_Quote" time="2.973" classname="com.Sulekha.User.UserSide.Need_Page"/>
  <testcase name="filter_india_page" time="7.044" classname="com.Sulekha.User.UserSide.Need_Page"/>
  <testcase name="Save_To_Phone" time="19.510" classname="com.Sulekha.User.UserSide.Need_Page"/>
</testsuite> <!-- com.Sulekha.User.UserSide.Need_Page -->
