<?xml version="1.0" encoding="UTF-8"?>
<!-- Generated by org.testng.reporters.JUnitReportReporter -->
<testsuite hostname="DESK-1986" name="com.Sulekha.User.UserSide.OTP_Page" tests="1" failures="0" timestamp="27 Jan 2020 09:57:30 GMT" time="12.622" errors="0">
  <testcase name="otpscreen" time="12.622" classname="com.Sulekha.User.UserSide.OTP_Page"/>
</testsuite> <!-- com.Sulekha.User.UserSide.OTP_Page -->
