<?xml version="1.0" encoding="UTF-8"?>
<!-- Generated by org.testng.reporters.JUnitReportReporter -->
<testsuite hostname="DESK-1986" name="com.Sulekha.User.UserSide.Listing_GetQuote" tests="1" failures="0" timestamp="29 Jan 2020 05:40:26 GMT" time="2.168" errors="0">
  <testcase name="Get_Quote" time="2.168" classname="com.Sulekha.User.UserSide.Listing_GetQuote"/>
</testsuite> <!-- com.Sulekha.User.UserSide.Listing_GetQuote -->
